===========================================================
	TIME		TYPE		MESSAGE
===========================================================

10/11/2022 17:11:28	EVENT	 LogFile created
				 In SX_Logfile (line 49)
				 In SX_Startup (line 64)
				 In CALL_SVEC_M135A (line 24)

10/11/2022 17:11:28	EVENT	 PREprocessing started
				 In SVECpreProc (line 39)
				 In CALL_SVEC_M135A (line 426)

10/11/2022 17:11:28	EVENT	 Nozzles number [1 2 4 5] have been deactivated, according to user input
				 In SVECpreProc (line 167)
				 In CALL_SVEC_M135A (line 426)

10/11/2022 17:11:28	EVENT	 PREprocessing completed. Elapsed time: 0.01 s 
				 In SVECpreProc (line 201)
				 In CALL_SVEC_M135A (line 426)

10/11/2022 17:11:28	EVENT	 SVECmodelMAIN started
				 In SVECmodelMain (line 13)
				 In CALL_SVEC_M135A (line 436)

10/11/2022 17:11:28	EVENT	 Number of discretization points changed. Discretization points currently used : 10004 
				 In S2_Discretization (line 35)
				 In SVECmodelMain (line 45)
				 In CALL_SVEC_M135A (line 436)

10/11/2022 17:11:28	EVENT	 S3PRE_inlet: Select a coherent type of pipe
				 In Distributed_Losses (line 186)
				 In S3PRE_inlet (line 57)
				 In SVECmodelMain (line 101)
				 In CALL_SVEC_M135A (line 436)

